<?xml version="1.0" encoding="UTF-8"?>
<testng-results ignored="0" total="1" passed="1" failed="0" skipped="0">
  <reporter-output>
  </reporter-output>
  <suite started-at="2024-04-26T18:07:23 IST" name="Surefire suite" finished-at="2024-04-26T18:08:04 IST" duration-ms="41157">
    <groups>
      <group name="cucumber">
        <method signature="AbstractTestNGCucumberTests.runScenario(io.cucumber.testng.PickleWrapper,io.cucumber.testng.FeatureWrapper)[pri:0, instance:Cucumberoption.TestNGRunner@6ef888f6]" name="runScenario" class="io.cucumber.testng.AbstractTestNGCucumberTests"/>
      </group> <!-- cucumber -->
    </groups>
    <test started-at="2024-04-26T18:07:23 IST" name="Surefire test" finished-at="2024-04-26T18:08:04 IST" duration-ms="41157">
      <class name="Cucumberoption.TestNGRunner">
        <test-method is-config="true" signature="setUpClass(org.testng.ITestContext)[pri:0, instance:Cucumberoption.TestNGRunner@6ef888f6]" started-at="2024-04-26T18:07:23 IST" name="setUpClass" finished-at="2024-04-26T18:07:24 IST" duration-ms="1131" status="PASS">
          <params>
            <param index="0">
              <value>
                <![CDATA[org.testng.TestRunner@77f4c040]]>
              </value>
            </param>
          </params>
          <reporter-output>
          </reporter-output>
        </test-method> <!-- setUpClass -->
        <test-method signature="runScenario(io.cucumber.testng.PickleWrapper,io.cucumber.testng.FeatureWrapper)[pri:0, instance:Cucumberoption.TestNGRunner@6ef888f6]" started-at="2024-04-26T18:07:24 IST" name="runScenario" description="Runs Cucumber Scenarios" data-provider="scenarios" finished-at="2024-04-26T18:08:00 IST" duration-ms="36007" status="PASS">
          <params>
            <param index="0">
              <value>
                <![CDATA["user Successful login with valid credentials"]]>
              </value>
            </param>
            <param index="1">
              <value>
                <![CDATA["Production login testcase"]]>
              </value>
            </param>
          </params>
          <reporter-output>
          </reporter-output>
        </test-method> <!-- runScenario -->
        <test-method is-config="true" signature="tearDownClass()[pri:0, instance:Cucumberoption.TestNGRunner@6ef888f6]" started-at="2024-04-26T18:08:00 IST" name="tearDownClass" finished-at="2024-04-26T18:08:04 IST" duration-ms="3951" status="PASS">
          <reporter-output>
          </reporter-output>
        </test-method> <!-- tearDownClass -->
      </class> <!-- Cucumberoption.TestNGRunner -->
    </test> <!-- Surefire test -->
  </suite> <!-- Surefire suite -->
</testng-results>
